2025/12/30 06:27:22 Barn MOO Server
2025/12/30 06:27:22 Database: Test.db
2025/12/30 06:27:22 Port: 9306
2025/12/30 06:27:22 Loaded database version 4 with 8 objects
2025/12/30 06:27:22 Starting server on port 9306...
2025/12/30 06:27:22 Listening on port 9306
2025/12/30 06:27:49 New connection from 127.0.0.1:36419 (ID: 2)
2025/12/30 06:27:49 Switched connection 2 from player -2 to 8
2025/12/30 06:27:49 Connection 2 already logged in as player 8 via switch_player
2025/12/30 06:27:49 user_connected error: E_VERBNF
2025/12/30 06:27:49 Connection 2 read error: EOF
2025/12/30 06:27:49 user_disconnected error: E_VERBNF
2025/12/30 06:27:49 Traceback for player %!s(types.ObjID=8) (connection not found):
2025/12/30 06:27:49   #8 <- #0:user_disconnected (this == #0), line 1:  Verb not found
2025/12/30 06:27:49   #8 <- (End of traceback)
2025/12/30 06:27:49 Connection 2 closed
2025/12/30 06:27:49 New connection from 127.0.0.1:36420 (ID: 3)
2025/12/30 06:27:49 Switched connection 3 from player -3 to 12
2025/12/30 06:27:49 Connection 3 already logged in as player 12 via switch_player
2025/12/30 06:27:49 user_connected error: E_VERBNF
2025/12/30 06:27:49 Connection 3 read error: EOF
2025/12/30 06:27:49 user_disconnected error: E_VERBNF
2025/12/30 06:27:49 Traceback for player %!s(types.ObjID=12) (connection not found):
2025/12/30 06:27:49   #12 <- #0:user_disconnected (this == #0), line 1:  Verb not found
2025/12/30 06:27:49   #12 <- (End of traceback)
2025/12/30 06:27:49 Connection 3 closed
2025/12/30 06:27:49 New connection from 127.0.0.1:48683 (ID: 4)
2025/12/30 06:27:49 Switched connection 4 from player -4 to 19
2025/12/30 06:27:49 Connection 4 already logged in as player 19 via switch_player
2025/12/30 06:27:49 user_connected error: E_VERBNF
2025/12/30 06:27:49 Connection 4 read error: EOF
2025/12/30 06:27:49 user_disconnected error: E_VERBNF
2025/12/30 06:27:49 Traceback for player %!s(types.ObjID=19) (connection not found):
2025/12/30 06:27:49   #19 <- #0:user_disconnected (this == #0), line 1:  Verb not found
2025/12/30 06:27:49   #19 <- (End of traceback)
2025/12/30 06:27:49 Connection 4 closed
2025/12/30 06:27:49 New connection from 127.0.0.1:48684 (ID: 5)
2025/12/30 06:27:49 Switched connection 5 from player -5 to 20
2025/12/30 06:27:49 Connection 5 already logged in as player 20 via switch_player
2025/12/30 06:27:49 user_connected error: E_VERBNF
2025/12/30 06:27:49 Connection 5 read error: EOF
2025/12/30 06:27:49 user_disconnected error: E_VERBNF
2025/12/30 06:27:49 Traceback for player %!s(types.ObjID=20) (connection not found):
2025/12/30 06:27:49   #20 <- #0:user_disconnected (this == #0), line 1:  Verb not found
2025/12/30 06:27:49   #20 <- (End of traceback)
2025/12/30 06:27:49 Connection 5 closed
2025/12/30 06:27:49 New connection from 127.0.0.1:48685 (ID: 6)
2025/12/30 06:27:49 Switched connection 6 from player -6 to 22
2025/12/30 06:27:49 Connection 6 already logged in as player 22 via switch_player
2025/12/30 06:27:49 user_connected error: E_VERBNF
2025/12/30 06:27:49 Connection 6 read error: EOF
2025/12/30 06:27:49 user_disconnected error: E_VERBNF
2025/12/30 06:27:49 Traceback for player %!s(types.ObjID=22) (connection not found):
2025/12/30 06:27:49   #22 <- #0:user_disconnected (this == #0), line 1:  Verb not found
2025/12/30 06:27:49   #22 <- (End of traceback)
2025/12/30 06:27:49 Connection 6 closed
2025/12/30 06:27:49 New connection from 127.0.0.1:48686 (ID: 7)
2025/12/30 06:27:49 Switched connection 7 from player -7 to 24
2025/12/30 06:27:49 Connection 7 already logged in as player 24 via switch_player
2025/12/30 06:27:49 user_connected error: E_VERBNF
2025/12/30 06:27:49 Connection 7 read error: EOF
2025/12/30 06:27:49 user_disconnected error: E_VERBNF
2025/12/30 06:27:49 Traceback for player %!s(types.ObjID=24) (connection not found):
2025/12/30 06:27:49   #24 <- #0:user_disconnected (this == #0), line 1:  Verb not found
2025/12/30 06:27:49   #24 <- (End of traceback)
2025/12/30 06:27:49 Connection 7 closed
2025/12/30 06:27:49 New connection from 127.0.0.1:48687 (ID: 8)
2025/12/30 06:27:49 Switched connection 8 from player -8 to 26
2025/12/30 06:27:49 Connection 8 already logged in as player 26 via switch_player
2025/12/30 06:27:49 user_connected error: E_VERBNF
2025/12/30 06:27:49 Connection 8 read error: EOF
2025/12/30 06:27:49 user_disconnected error: E_VERBNF
2025/12/30 06:27:49 Traceback for player %!s(types.ObjID=26) (connection not found):
2025/12/30 06:27:49   #26 <- #0:user_disconnected (this == #0), line 1:  Verb not found
2025/12/30 06:27:49   #26 <- (End of traceback)
2025/12/30 06:27:49 Connection 8 closed
2025/12/30 06:27:49 New connection from 127.0.0.1:48688 (ID: 9)
2025/12/30 06:27:49 Switched connection 9 from player -9 to 28
2025/12/30 06:27:49 Connection 9 already logged in as player 28 via switch_player
2025/12/30 06:27:49 user_connected error: E_VERBNF
2025/12/30 06:27:49 Connection 9 read error: EOF
2025/12/30 06:27:49 user_disconnected error: E_VERBNF
2025/12/30 06:27:49 Traceback for player %!s(types.ObjID=28) (connection not found):
2025/12/30 06:27:49   #28 <- #0:user_disconnected (this == #0), line 1:  Verb not found
2025/12/30 06:27:49   #28 <- (End of traceback)
2025/12/30 06:27:49 Connection 9 closed
2025/12/30 06:27:49 New connection from 127.0.0.1:48689 (ID: 10)
2025/12/30 06:27:49 Switched connection 10 from player -10 to 30
2025/12/30 06:27:49 Connection 10 already logged in as player 30 via switch_player
2025/12/30 06:27:49 user_connected error: E_VERBNF
2025/12/30 06:27:49 Connection 10 read error: EOF
2025/12/30 06:27:49 user_disconnected error: E_VERBNF
2025/12/30 06:27:49 Traceback for player %!s(types.ObjID=30) (connection not found):
2025/12/30 06:27:49   #30 <- #0:user_disconnected (this == #0), line 1:  Verb not found
2025/12/30 06:27:49   #30 <- (End of traceback)
2025/12/30 06:27:49 Connection 10 closed
2025/12/30 06:28:42 New connection from [::1]:55789 (ID: 11)
2025/12/30 06:28:42 Switched connection 11 from player -11 to 36
2025/12/30 06:28:42 Connection 11 already logged in as player 36 via switch_player
2025/12/30 06:28:42 user_connected error: E_VERBNF
2025/12/30 06:28:45 Connection 11 read error: EOF
2025/12/30 06:28:45 user_disconnected error: E_VERBNF
2025/12/30 06:28:45 Traceback for player %!s(types.ObjID=36) (connection not found):
2025/12/30 06:28:45   #36 <- #0:user_disconnected (this == #0), line 1:  Verb not found
2025/12/30 06:28:45   #36 <- (End of traceback)
2025/12/30 06:28:45 Connection 11 closed
