2025/12/30 06:33:56 Barn MOO Server
2025/12/30 06:33:56 Database: Test.db
2025/12/30 06:33:56 Port: 9308
2025/12/30 06:33:56 Loaded database version 4 with 8 objects
2025/12/30 06:33:56 Starting server on port 9308...
2025/12/30 06:33:56 Listening on port 9308
2025/12/30 06:34:07 New connection from [::1]:18401 (ID: 2)
2025/12/30 06:34:07 Switched connection 2 from player -2 to 8
2025/12/30 06:34:07 Connection 2 already logged in as player 8 via switch_player
2025/12/30 06:34:07 user_connected error: E_VERBNF
2025/12/30 06:34:11 Connection 2 read error: EOF
2025/12/30 06:34:11 user_disconnected error: E_VERBNF
2025/12/30 06:34:11 Traceback for player %!s(types.ObjID=8) (connection not found):
2025/12/30 06:34:11   #8 <- #0:user_disconnected (this == #0), line 1:  Verb not found
2025/12/30 06:34:11   #8 <- (End of traceback)
2025/12/30 06:34:11 Connection 2 closed
2025/12/30 06:34:21 New connection from 127.0.0.1:51046 (ID: 3)
2025/12/30 06:34:21 Switched connection 3 from player -3 to 9
2025/12/30 06:34:21 Connection 3 already logged in as player 9 via switch_player
2025/12/30 06:34:21 user_connected error: E_VERBNF
2025/12/30 06:34:21 Connection 3 read error: EOF
2025/12/30 06:34:21 user_disconnected error: E_VERBNF
2025/12/30 06:34:21 Traceback for player %!s(types.ObjID=9) (connection not found):
2025/12/30 06:34:21   #9 <- #0:user_disconnected (this == #0), line 1:  Verb not found
2025/12/30 06:34:21   #9 <- (End of traceback)
2025/12/30 06:34:21 Connection 3 closed
2025/12/30 06:34:21 New connection from 127.0.0.1:51047 (ID: 4)
2025/12/30 06:34:21 Switched connection 4 from player -4 to 10
2025/12/30 06:34:21 Connection 4 already logged in as player 10 via switch_player
2025/12/30 06:34:21 user_connected error: E_VERBNF
2025/12/30 06:34:21 Connection 4 read error: EOF
2025/12/30 06:34:21 user_disconnected error: E_VERBNF
2025/12/30 06:34:21 Traceback for player %!s(types.ObjID=10) (connection not found):
2025/12/30 06:34:21   #10 <- #0:user_disconnected (this == #0), line 1:  Verb not found
2025/12/30 06:34:21   #10 <- (End of traceback)
2025/12/30 06:34:21 Connection 4 closed
2025/12/30 06:34:21 New connection from 127.0.0.1:51048 (ID: 5)
2025/12/30 06:34:21 Switched connection 5 from player -5 to 11
2025/12/30 06:34:21 Connection 5 already logged in as player 11 via switch_player
2025/12/30 06:34:21 user_connected error: E_VERBNF
2025/12/30 06:34:21 Connection 5 read error: EOF
2025/12/30 06:34:21 user_disconnected error: E_VERBNF
2025/12/30 06:34:21 Traceback for player %!s(types.ObjID=11) (connection not found):
2025/12/30 06:34:21   #11 <- #0:user_disconnected (this == #0), line 1:  Verb not found
2025/12/30 06:34:21   #11 <- (End of traceback)
2025/12/30 06:34:21 Connection 5 closed
2025/12/30 06:34:21 New connection from 127.0.0.1:51049 (ID: 6)
2025/12/30 06:34:21 Switched connection 6 from player -6 to 12
2025/12/30 06:34:21 Connection 6 already logged in as player 12 via switch_player
2025/12/30 06:34:21 user_connected error: E_VERBNF
2025/12/30 06:34:21 Connection 6 read error: EOF
2025/12/30 06:34:21 user_disconnected error: E_VERBNF
2025/12/30 06:34:21 Traceback for player %!s(types.ObjID=12) (connection not found):
2025/12/30 06:34:21   #12 <- #0:user_disconnected (this == #0), line 1:  Verb not found
2025/12/30 06:34:21   #12 <- (End of traceback)
2025/12/30 06:34:21 Connection 6 closed
2025/12/30 06:34:21 New connection from 127.0.0.1:51050 (ID: 7)
2025/12/30 06:34:21 Switched connection 7 from player -7 to 13
2025/12/30 06:34:21 Connection 7 already logged in as player 13 via switch_player
2025/12/30 06:34:21 user_connected error: E_VERBNF
2025/12/30 06:34:21 Connection 7 read error: EOF
2025/12/30 06:34:21 user_disconnected error: E_VERBNF
2025/12/30 06:34:21 Traceback for player %!s(types.ObjID=13) (connection not found):
2025/12/30 06:34:21   #13 <- #0:user_disconnected (this == #0), line 1:  Verb not found
2025/12/30 06:34:21   #13 <- (End of traceback)
2025/12/30 06:34:21 Connection 7 closed
2025/12/30 06:34:21 New connection from 127.0.0.1:51051 (ID: 8)
2025/12/30 06:34:21 Switched connection 8 from player -8 to 14
2025/12/30 06:34:21 Connection 8 already logged in as player 14 via switch_player
2025/12/30 06:34:21 user_connected error: E_VERBNF
2025/12/30 06:34:21 Connection 8 read error: EOF
2025/12/30 06:34:21 user_disconnected error: E_VERBNF
2025/12/30 06:34:21 Traceback for player %!s(types.ObjID=14) (connection not found):
2025/12/30 06:34:21   #14 <- #0:user_disconnected (this == #0), line 1:  Verb not found
2025/12/30 06:34:21   #14 <- (End of traceback)
2025/12/30 06:34:21 Connection 8 closed
2025/12/30 06:34:38 New connection from [::1]:20760 (ID: 9)
2025/12/30 06:34:38 Switched connection 9 from player -9 to 15
2025/12/30 06:34:38 Connection 9 already logged in as player 15 via switch_player
2025/12/30 06:34:38 user_connected error: E_VERBNF
2025/12/30 06:34:41 Connection 9 read error: EOF
2025/12/30 06:34:41 user_disconnected error: E_VERBNF
2025/12/30 06:34:41 Traceback for player %!s(types.ObjID=15) (connection not found):
2025/12/30 06:34:41   #15 <- #0:user_disconnected (this == #0), line 1:  Verb not found
2025/12/30 06:34:41   #15 <- (End of traceback)
2025/12/30 06:34:41 Connection 9 closed
2025/12/30 06:35:04 New connection from 127.0.0.1:13184 (ID: 10)
2025/12/30 06:35:04 Switched connection 10 from player -10 to 16
2025/12/30 06:35:04 Connection 10 already logged in as player 16 via switch_player
2025/12/30 06:35:04 user_connected error: E_VERBNF
2025/12/30 06:35:04 Connection 10 read error: EOF
2025/12/30 06:35:04 user_disconnected error: E_VERBNF
2025/12/30 06:35:04 Traceback for player %!s(types.ObjID=16) (connection not found):
2025/12/30 06:35:04   #16 <- #0:user_disconnected (this == #0), line 1:  Verb not found
2025/12/30 06:35:04   #16 <- (End of traceback)
2025/12/30 06:35:04 Connection 10 closed
2025/12/30 06:35:04 New connection from 127.0.0.1:13185 (ID: 11)
2025/12/30 06:35:04 Switched connection 11 from player -11 to 17
2025/12/30 06:35:04 Connection 11 already logged in as player 17 via switch_player
2025/12/30 06:35:04 user_connected error: E_VERBNF
2025/12/30 06:35:04 Connection 11 read error: EOF
2025/12/30 06:35:04 user_disconnected error: E_VERBNF
2025/12/30 06:35:04 Traceback for player %!s(types.ObjID=17) (connection not found):
2025/12/30 06:35:04   #17 <- #0:user_disconnected (this == #0), line 1:  Verb not found
2025/12/30 06:35:04   #17 <- (End of traceback)
2025/12/30 06:35:04 Connection 11 closed
2025/12/30 06:35:29 New connection from 127.0.0.1:1701 (ID: 12)
2025/12/30 06:35:29 Switched connection 12 from player -12 to 18
2025/12/30 06:35:29 Connection 12 already logged in as player 18 via switch_player
2025/12/30 06:35:29 user_connected error: E_VERBNF
2025/12/30 06:35:29 Connection 12 read error: EOF
2025/12/30 06:35:29 user_disconnected error: E_VERBNF
2025/12/30 06:35:29 Traceback for player %!s(types.ObjID=18) (connection not found):
2025/12/30 06:35:29   #18 <- #0:user_disconnected (this == #0), line 1:  Verb not found
2025/12/30 06:35:29   #18 <- (End of traceback)
2025/12/30 06:35:29 Connection 12 closed
2025/12/30 06:35:29 New connection from 127.0.0.1:1702 (ID: 13)
2025/12/30 06:35:29 Switched connection 13 from player -13 to 19
2025/12/30 06:35:29 Connection 13 already logged in as player 19 via switch_player
2025/12/30 06:35:29 user_connected error: E_VERBNF
2025/12/30 06:35:29 Connection 13 read error: EOF
2025/12/30 06:35:29 user_disconnected error: E_VERBNF
2025/12/30 06:35:29 Traceback for player %!s(types.ObjID=19) (connection not found):
2025/12/30 06:35:29   #19 <- #0:user_disconnected (this == #0), line 1:  Verb not found
2025/12/30 06:35:29   #19 <- (End of traceback)
2025/12/30 06:35:29 Connection 13 closed
2025/12/30 06:35:55 New connection from 127.0.0.1:56228 (ID: 14)
2025/12/30 06:35:55 Switched connection 14 from player -14 to 20
2025/12/30 06:35:55 Connection 14 already logged in as player 20 via switch_player
2025/12/30 06:35:55 user_connected error: E_VERBNF
2025/12/30 06:35:55 Connection 14 read error: EOF
2025/12/30 06:35:55 user_disconnected error: E_VERBNF
2025/12/30 06:35:55 Traceback for player %!s(types.ObjID=20) (connection not found):
2025/12/30 06:35:55   #20 <- #0:user_disconnected (this == #0), line 1:  Verb not found
2025/12/30 06:35:55   #20 <- (End of traceback)
2025/12/30 06:35:55 Connection 14 closed
2025/12/30 06:35:55 New connection from 127.0.0.1:56229 (ID: 15)
2025/12/30 06:35:55 Switched connection 15 from player -15 to 21
2025/12/30 06:35:55 Connection 15 already logged in as player 21 via switch_player
2025/12/30 06:35:55 user_connected error: E_VERBNF
2025/12/30 06:35:55 Connection 15 read error: EOF
2025/12/30 06:35:55 user_disconnected error: E_VERBNF
2025/12/30 06:35:55 Traceback for player %!s(types.ObjID=21) (connection not found):
2025/12/30 06:35:55   #21 <- #0:user_disconnected (this == #0), line 1:  Verb not found
2025/12/30 06:35:55   #21 <- (End of traceback)
2025/12/30 06:35:55 Connection 15 closed
2025/12/30 06:35:55 New connection from 127.0.0.1:56230 (ID: 16)
2025/12/30 06:35:55 Switched connection 16 from player -16 to 22
2025/12/30 06:35:55 Connection 16 already logged in as player 22 via switch_player
2025/12/30 06:35:55 user_connected error: E_VERBNF
2025/12/30 06:35:55 Connection 16 read error: EOF
2025/12/30 06:35:55 user_disconnected error: E_VERBNF
2025/12/30 06:35:55 Traceback for player %!s(types.ObjID=22) (connection not found):
2025/12/30 06:35:55   #22 <- #0:user_disconnected (this == #0), line 1:  Verb not found
2025/12/30 06:35:55   #22 <- (End of traceback)
2025/12/30 06:35:55 Connection 16 closed
2025/12/30 06:35:55 New connection from 127.0.0.1:56231 (ID: 17)
2025/12/30 06:35:55 Switched connection 17 from player -17 to 23
2025/12/30 06:35:55 Connection 17 already logged in as player 23 via switch_player
2025/12/30 06:35:55 user_connected error: E_VERBNF
2025/12/30 06:35:55 Connection 17 read error: EOF
2025/12/30 06:35:55 user_disconnected error: E_VERBNF
2025/12/30 06:35:55 Traceback for player %!s(types.ObjID=23) (connection not found):
2025/12/30 06:35:55   #23 <- #0:user_disconnected (this == #0), line 1:  Verb not found
2025/12/30 06:35:55   #23 <- (End of traceback)
2025/12/30 06:35:55 Connection 17 closed
2025/12/30 06:35:55 New connection from 127.0.0.1:56232 (ID: 18)
2025/12/30 06:35:55 Switched connection 18 from player -18 to 24
2025/12/30 06:35:55 Connection 18 already logged in as player 24 via switch_player
2025/12/30 06:35:55 user_connected error: E_VERBNF
2025/12/30 06:35:55 Connection 18 read error: EOF
2025/12/30 06:35:55 user_disconnected error: E_VERBNF
2025/12/30 06:35:55 Traceback for player %!s(types.ObjID=24) (connection not found):
2025/12/30 06:35:55   #24 <- #0:user_disconnected (this == #0), line 1:  Verb not found
2025/12/30 06:35:55   #24 <- (End of traceback)
2025/12/30 06:35:55 Connection 18 closed
2025/12/30 06:35:55 New connection from 127.0.0.1:56233 (ID: 19)
2025/12/30 06:35:55 Switched connection 19 from player -19 to 25
2025/12/30 06:35:55 Connection 19 already logged in as player 25 via switch_player
2025/12/30 06:35:55 user_connected error: E_VERBNF
2025/12/30 06:35:55 Connection 19 read error: EOF
2025/12/30 06:35:55 user_disconnected error: E_VERBNF
2025/12/30 06:35:55 Traceback for player %!s(types.ObjID=25) (connection not found):
2025/12/30 06:35:55   #25 <- #0:user_disconnected (this == #0), line 1:  Verb not found
2025/12/30 06:35:55   #25 <- (End of traceback)
2025/12/30 06:35:55 Connection 19 closed
2025/12/30 06:35:55 New connection from 127.0.0.1:56234 (ID: 20)
2025/12/30 06:35:55 Switched connection 20 from player -20 to 26
2025/12/30 06:35:55 Connection 20 already logged in as player 26 via switch_player
2025/12/30 06:35:55 user_connected error: E_VERBNF
2025/12/30 06:35:55 Connection 20 read error: EOF
2025/12/30 06:35:55 user_disconnected error: E_VERBNF
2025/12/30 06:35:55 Traceback for player %!s(types.ObjID=26) (connection not found):
2025/12/30 06:35:55   #26 <- #0:user_disconnected (this == #0), line 1:  Verb not found
2025/12/30 06:35:55   #26 <- (End of traceback)
2025/12/30 06:35:55 Connection 20 closed
2025/12/30 06:35:55 New connection from 127.0.0.1:56235 (ID: 21)
2025/12/30 06:35:55 Switched connection 21 from player -21 to 27
2025/12/30 06:35:55 Connection 21 already logged in as player 27 via switch_player
2025/12/30 06:35:55 user_connected error: E_VERBNF
2025/12/30 06:35:55 Connection 21 read error: EOF
2025/12/30 06:35:55 user_disconnected error: E_VERBNF
2025/12/30 06:35:55 Traceback for player %!s(types.ObjID=27) (connection not found):
2025/12/30 06:35:55   #27 <- #0:user_disconnected (this == #0), line 1:  Verb not found
2025/12/30 06:35:55   #27 <- (End of traceback)
2025/12/30 06:35:55 Connection 21 closed
2025/12/30 06:35:55 New connection from 127.0.0.1:56236 (ID: 22)
2025/12/30 06:35:55 Switched connection 22 from player -22 to 28
2025/12/30 06:35:55 Connection 22 already logged in as player 28 via switch_player
2025/12/30 06:35:55 user_connected error: E_VERBNF
2025/12/30 06:35:55 Connection 22 read error: EOF
2025/12/30 06:35:55 user_disconnected error: E_VERBNF
2025/12/30 06:35:55 Traceback for player %!s(types.ObjID=28) (connection not found):
2025/12/30 06:35:55   #28 <- #0:user_disconnected (this == #0), line 1:  Verb not found
2025/12/30 06:35:55   #28 <- (End of traceback)
2025/12/30 06:35:55 Connection 22 closed
2025/12/30 06:35:55 New connection from 127.0.0.1:56237 (ID: 23)
2025/12/30 06:35:55 Switched connection 23 from player -23 to 29
2025/12/30 06:35:55 Connection 23 already logged in as player 29 via switch_player
2025/12/30 06:35:55 user_connected error: E_VERBNF
2025/12/30 06:35:55 Connection 23 read error: EOF
2025/12/30 06:35:55 user_disconnected error: E_VERBNF
2025/12/30 06:35:55 Traceback for player %!s(types.ObjID=29) (connection not found):
2025/12/30 06:35:55   #29 <- #0:user_disconnected (this == #0), line 1:  Verb not found
2025/12/30 06:35:55   #29 <- (End of traceback)
2025/12/30 06:35:55 Connection 23 closed
2025/12/30 06:35:55 New connection from 127.0.0.1:56238 (ID: 24)
2025/12/30 06:35:55 Switched connection 24 from player -24 to 31
2025/12/30 06:35:55 Connection 24 already logged in as player 31 via switch_player
2025/12/30 06:35:55 user_connected error: E_VERBNF
2025/12/30 06:35:55 Connection 24 read error: EOF
2025/12/30 06:35:55 user_disconnected error: E_VERBNF
2025/12/30 06:35:55 Traceback for player %!s(types.ObjID=31) (connection not found):
2025/12/30 06:35:55   #31 <- #0:user_disconnected (this == #0), line 1:  Verb not found
2025/12/30 06:35:55   #31 <- (End of traceback)
2025/12/30 06:35:55 Connection 24 closed
2025/12/30 06:35:55 New connection from 127.0.0.1:56239 (ID: 25)
2025/12/30 06:35:55 Switched connection 25 from player -25 to 33
2025/12/30 06:35:55 Connection 25 already logged in as player 33 via switch_player
2025/12/30 06:35:55 user_connected error: E_VERBNF
2025/12/30 06:35:55 Connection 25 read error: EOF
2025/12/30 06:35:55 user_disconnected error: E_VERBNF
2025/12/30 06:35:55 Traceback for player %!s(types.ObjID=33) (connection not found):
2025/12/30 06:35:55   #33 <- #0:user_disconnected (this == #0), line 1:  Verb not found
2025/12/30 06:35:55   #33 <- (End of traceback)
2025/12/30 06:35:55 Connection 25 closed
2025/12/30 06:35:55 New connection from 127.0.0.1:56240 (ID: 26)
2025/12/30 06:35:55 Switched connection 26 from player -26 to 34
2025/12/30 06:35:55 Connection 26 already logged in as player 34 via switch_player
2025/12/30 06:35:55 user_connected error: E_VERBNF
2025/12/30 06:35:55 Connection 26 read error: EOF
2025/12/30 06:35:55 user_disconnected error: E_VERBNF
2025/12/30 06:35:55 Traceback for player %!s(types.ObjID=34) (connection not found):
2025/12/30 06:35:55   #34 <- #0:user_disconnected (this == #0), line 1:  Verb not found
2025/12/30 06:35:55   #34 <- (End of traceback)
2025/12/30 06:35:55 Connection 26 closed
2025/12/30 06:35:55 New connection from 127.0.0.1:56241 (ID: 27)
2025/12/30 06:35:55 Switched connection 27 from player -27 to 35
2025/12/30 06:35:55 Connection 27 already logged in as player 35 via switch_player
2025/12/30 06:35:55 user_connected error: E_VERBNF
2025/12/30 06:35:55 Connection 27 read error: EOF
2025/12/30 06:35:55 user_disconnected error: E_VERBNF
2025/12/30 06:35:55 Traceback for player %!s(types.ObjID=35) (connection not found):
2025/12/30 06:35:55   #35 <- #0:user_disconnected (this == #0), line 1:  Verb not found
2025/12/30 06:35:55   #35 <- (End of traceback)
2025/12/30 06:35:55 Connection 27 closed
2025/12/30 06:35:55 New connection from 127.0.0.1:56242 (ID: 28)
2025/12/30 06:35:55 Switched connection 28 from player -28 to 36
2025/12/30 06:35:55 Connection 28 already logged in as player 36 via switch_player
2025/12/30 06:35:55 user_connected error: E_VERBNF
2025/12/30 06:35:55 Connection 28 read error: EOF
2025/12/30 06:35:55 user_disconnected error: E_VERBNF
2025/12/30 06:35:55 Traceback for player %!s(types.ObjID=36) (connection not found):
2025/12/30 06:35:55   #36 <- #0:user_disconnected (this == #0), line 1:  Verb not found
2025/12/30 06:35:55   #36 <- (End of traceback)
2025/12/30 06:35:55 Connection 28 closed
2025/12/30 06:35:55 New connection from 127.0.0.1:56243 (ID: 29)
2025/12/30 06:35:55 Switched connection 29 from player -29 to 37
2025/12/30 06:35:55 Connection 29 already logged in as player 37 via switch_player
2025/12/30 06:35:55 user_connected error: E_VERBNF
2025/12/30 06:35:55 Connection 29 read error: EOF
2025/12/30 06:35:55 user_disconnected error: E_VERBNF
2025/12/30 06:35:55 Traceback for player %!s(types.ObjID=37) (connection not found):
2025/12/30 06:35:55   #37 <- #0:user_disconnected (this == #0), line 1:  Verb not found
2025/12/30 06:35:55   #37 <- (End of traceback)
2025/12/30 06:35:55 Connection 29 closed
2025/12/30 06:35:55 New connection from 127.0.0.1:56244 (ID: 30)
2025/12/30 06:35:55 Switched connection 30 from player -30 to 38
2025/12/30 06:35:55 Connection 30 already logged in as player 38 via switch_player
2025/12/30 06:35:55 user_connected error: E_VERBNF
2025/12/30 06:35:55 Connection 30 read error: EOF
2025/12/30 06:35:55 user_disconnected error: E_VERBNF
2025/12/30 06:35:55 Traceback for player %!s(types.ObjID=38) (connection not found):
2025/12/30 06:35:55   #38 <- #0:user_disconnected (this == #0), line 1:  Verb not found
2025/12/30 06:35:55   #38 <- (End of traceback)
2025/12/30 06:35:55 Connection 30 closed
2025/12/30 06:35:55 New connection from 127.0.0.1:56245 (ID: 31)
2025/12/30 06:35:55 Switched connection 31 from player -31 to 40
2025/12/30 06:35:55 Connection 31 already logged in as player 40 via switch_player
2025/12/30 06:35:55 user_connected error: E_VERBNF
2025/12/30 06:35:55 Connection 31 read error: EOF
2025/12/30 06:35:55 user_disconnected error: E_VERBNF
2025/12/30 06:35:55 Traceback for player %!s(types.ObjID=40) (connection not found):
2025/12/30 06:35:55   #40 <- #0:user_disconnected (this == #0), line 1:  Verb not found
2025/12/30 06:35:55   #40 <- (End of traceback)
2025/12/30 06:35:55 Connection 31 closed
2025/12/30 06:35:55 New connection from 127.0.0.1:56246 (ID: 32)
2025/12/30 06:35:55 Switched connection 32 from player -32 to 42
2025/12/30 06:35:55 Connection 32 already logged in as player 42 via switch_player
2025/12/30 06:35:55 user_connected error: E_VERBNF
2025/12/30 06:35:55 Connection 32 read error: EOF
2025/12/30 06:35:55 user_disconnected error: E_VERBNF
2025/12/30 06:35:55 Traceback for player %!s(types.ObjID=42) (connection not found):
2025/12/30 06:35:55   #42 <- #0:user_disconnected (this == #0), line 1:  Verb not found
2025/12/30 06:35:55   #42 <- (End of traceback)
2025/12/30 06:35:55 Connection 32 closed
2025/12/30 06:35:55 New connection from 127.0.0.1:56247 (ID: 33)
2025/12/30 06:35:55 Switched connection 33 from player -33 to 43
2025/12/30 06:35:55 Connection 33 already logged in as player 43 via switch_player
2025/12/30 06:35:55 user_connected error: E_VERBNF
2025/12/30 06:35:55 Connection 33 read error: EOF
2025/12/30 06:35:55 user_disconnected error: E_VERBNF
2025/12/30 06:35:55 Traceback for player %!s(types.ObjID=43) (connection not found):
2025/12/30 06:35:55   #43 <- #0:user_disconnected (this == #0), line 1:  Verb not found
2025/12/30 06:35:55   #43 <- (End of traceback)
2025/12/30 06:35:55 Connection 33 closed
2025/12/30 06:35:55 New connection from 127.0.0.1:56248 (ID: 34)
2025/12/30 06:35:55 Switched connection 34 from player -34 to 44
2025/12/30 06:35:55 Connection 34 already logged in as player 44 via switch_player
2025/12/30 06:35:55 user_connected error: E_VERBNF
2025/12/30 06:35:55 Connection 34 read error: EOF
2025/12/30 06:35:55 user_disconnected error: E_VERBNF
2025/12/30 06:35:55 Traceback for player %!s(types.ObjID=44) (connection not found):
2025/12/30 06:35:55   #44 <- #0:user_disconnected (this == #0), line 1:  Verb not found
2025/12/30 06:35:55   #44 <- (End of traceback)
2025/12/30 06:35:55 Connection 34 closed
2025/12/30 06:35:55 New connection from 127.0.0.1:56249 (ID: 35)
2025/12/30 06:35:55 Switched connection 35 from player -35 to 45
2025/12/30 06:35:55 Connection 35 already logged in as player 45 via switch_player
2025/12/30 06:35:55 user_connected error: E_VERBNF
2025/12/30 06:35:55 Connection 35 read error: EOF
2025/12/30 06:35:55 user_disconnected error: E_VERBNF
2025/12/30 06:35:55 Traceback for player %!s(types.ObjID=45) (connection not found):
2025/12/30 06:35:55   #45 <- #0:user_disconnected (this == #0), line 1:  Verb not found
2025/12/30 06:35:55   #45 <- (End of traceback)
2025/12/30 06:35:55 Connection 35 closed
2025/12/30 06:35:55 New connection from 127.0.0.1:56250 (ID: 36)
2025/12/30 06:35:55 Switched connection 36 from player -36 to 46
2025/12/30 06:35:55 Connection 36 already logged in as player 46 via switch_player
2025/12/30 06:35:55 user_connected error: E_VERBNF
2025/12/30 06:35:55 Connection 36 read error: EOF
2025/12/30 06:35:55 user_disconnected error: E_VERBNF
2025/12/30 06:35:55 Traceback for player %!s(types.ObjID=46) (connection not found):
2025/12/30 06:35:55   #46 <- #0:user_disconnected (this == #0), line 1:  Verb not found
2025/12/30 06:35:55   #46 <- (End of traceback)
2025/12/30 06:35:55 Connection 36 closed
2025/12/30 06:35:55 New connection from 127.0.0.1:56251 (ID: 37)
2025/12/30 06:35:55 Switched connection 37 from player -37 to 47
2025/12/30 06:35:55 Connection 37 already logged in as player 47 via switch_player
2025/12/30 06:35:55 user_connected error: E_VERBNF
2025/12/30 06:35:55 Connection 37 read error: EOF
2025/12/30 06:35:55 user_disconnected error: E_VERBNF
2025/12/30 06:35:55 Traceback for player %!s(types.ObjID=47) (connection not found):
2025/12/30 06:35:55   #47 <- #0:user_disconnected (this == #0), line 1:  Verb not found
2025/12/30 06:35:55   #47 <- (End of traceback)
2025/12/30 06:35:55 Connection 37 closed
2025/12/30 06:35:55 New connection from 127.0.0.1:56252 (ID: 38)
2025/12/30 06:35:55 Switched connection 38 from player -38 to 48
2025/12/30 06:35:55 Connection 38 already logged in as player 48 via switch_player
2025/12/30 06:35:55 user_connected error: E_VERBNF
2025/12/30 06:35:55 Connection 38 read error: EOF
2025/12/30 06:35:55 user_disconnected error: E_VERBNF
2025/12/30 06:35:55 Traceback for player %!s(types.ObjID=48) (connection not found):
2025/12/30 06:35:55   #48 <- #0:user_disconnected (this == #0), line 1:  Verb not found
2025/12/30 06:35:55   #48 <- (End of traceback)
2025/12/30 06:35:55 Connection 38 closed
2025/12/30 06:35:55 New connection from 127.0.0.1:56253 (ID: 39)
2025/12/30 06:35:55 Switched connection 39 from player -39 to 49
2025/12/30 06:35:55 Connection 39 already logged in as player 49 via switch_player
2025/12/30 06:35:55 user_connected error: E_VERBNF
2025/12/30 06:35:55 Connection 39 read error: EOF
2025/12/30 06:35:55 user_disconnected error: E_VERBNF
2025/12/30 06:35:55 Traceback for player %!s(types.ObjID=49) (connection not found):
2025/12/30 06:35:55   #49 <- #0:user_disconnected (this == #0), line 1:  Verb not found
2025/12/30 06:35:55   #49 <- (End of traceback)
2025/12/30 06:35:55 Connection 39 closed
2025/12/30 06:35:55 New connection from 127.0.0.1:56254 (ID: 40)
2025/12/30 06:35:55 Switched connection 40 from player -40 to 50
2025/12/30 06:35:55 Connection 40 already logged in as player 50 via switch_player
2025/12/30 06:35:55 user_connected error: E_VERBNF
2025/12/30 06:35:55 Connection 40 read error: EOF
2025/12/30 06:35:55 user_disconnected error: E_VERBNF
2025/12/30 06:35:55 Traceback for player %!s(types.ObjID=50) (connection not found):
2025/12/30 06:35:55   #50 <- #0:user_disconnected (this == #0), line 1:  Verb not found
2025/12/30 06:35:55   #50 <- (End of traceback)
2025/12/30 06:35:55 Connection 40 closed
2025/12/30 06:35:55 New connection from 127.0.0.1:56255 (ID: 41)
2025/12/30 06:35:55 Switched connection 41 from player -41 to 51
2025/12/30 06:35:55 Connection 41 already logged in as player 51 via switch_player
2025/12/30 06:35:55 user_connected error: E_VERBNF
2025/12/30 06:35:55 Connection 41 read error: EOF
2025/12/30 06:35:55 user_disconnected error: E_VERBNF
2025/12/30 06:35:55 Traceback for player %!s(types.ObjID=51) (connection not found):
2025/12/30 06:35:55   #51 <- #0:user_disconnected (this == #0), line 1:  Verb not found
2025/12/30 06:35:55   #51 <- (End of traceback)
2025/12/30 06:35:55 Connection 41 closed
2025/12/30 06:35:55 New connection from 127.0.0.1:56256 (ID: 42)
2025/12/30 06:35:55 Switched connection 42 from player -42 to 52
2025/12/30 06:35:55 Connection 42 already logged in as player 52 via switch_player
2025/12/30 06:35:55 user_connected error: E_VERBNF
2025/12/30 06:35:55 Connection 42 read error: EOF
2025/12/30 06:35:55 user_disconnected error: E_VERBNF
2025/12/30 06:35:55 Traceback for player %!s(types.ObjID=52) (connection not found):
2025/12/30 06:35:55   #52 <- #0:user_disconnected (this == #0), line 1:  Verb not found
2025/12/30 06:35:55   #52 <- (End of traceback)
2025/12/30 06:35:55 Connection 42 closed
2025/12/30 06:35:55 New connection from 127.0.0.1:56257 (ID: 43)
2025/12/30 06:35:55 Switched connection 43 from player -43 to 53
2025/12/30 06:35:55 Connection 43 already logged in as player 53 via switch_player
2025/12/30 06:35:55 user_connected error: E_VERBNF
2025/12/30 06:35:55 Connection 43 read error: EOF
2025/12/30 06:35:55 user_disconnected error: E_VERBNF
2025/12/30 06:35:55 Traceback for player %!s(types.ObjID=53) (connection not found):
2025/12/30 06:35:55   #53 <- #0:user_disconnected (this == #0), line 1:  Verb not found
2025/12/30 06:35:55   #53 <- (End of traceback)
2025/12/30 06:35:55 Connection 43 closed
2025/12/30 06:35:55 New connection from 127.0.0.1:56258 (ID: 44)
2025/12/30 06:35:55 Switched connection 44 from player -44 to 54
2025/12/30 06:35:55 Connection 44 already logged in as player 54 via switch_player
2025/12/30 06:35:55 user_connected error: E_VERBNF
2025/12/30 06:35:55 Connection 44 read error: EOF
2025/12/30 06:35:55 user_disconnected error: E_VERBNF
2025/12/30 06:35:55 Traceback for player %!s(types.ObjID=54) (connection not found):
2025/12/30 06:35:55   #54 <- #0:user_disconnected (this == #0), line 1:  Verb not found
2025/12/30 06:35:55   #54 <- (End of traceback)
2025/12/30 06:35:55 Connection 44 closed
2025/12/30 06:35:55 New connection from 127.0.0.1:56259 (ID: 45)
2025/12/30 06:35:55 Switched connection 45 from player -45 to 55
2025/12/30 06:35:55 Connection 45 already logged in as player 55 via switch_player
2025/12/30 06:35:55 user_connected error: E_VERBNF
2025/12/30 06:35:55 Connection 45 read error: EOF
2025/12/30 06:35:55 user_disconnected error: E_VERBNF
2025/12/30 06:35:55 Traceback for player %!s(types.ObjID=55) (connection not found):
2025/12/30 06:35:55   #55 <- #0:user_disconnected (this == #0), line 1:  Verb not found
2025/12/30 06:35:55   #55 <- (End of traceback)
2025/12/30 06:35:55 Connection 45 closed
2025/12/30 06:35:55 New connection from 127.0.0.1:56260 (ID: 46)
2025/12/30 06:35:55 Switched connection 46 from player -46 to 56
2025/12/30 06:35:55 Connection 46 already logged in as player 56 via switch_player
2025/12/30 06:35:55 user_connected error: E_VERBNF
2025/12/30 06:35:55 Connection 46 read error: EOF
2025/12/30 06:35:55 user_disconnected error: E_VERBNF
2025/12/30 06:35:55 Traceback for player %!s(types.ObjID=56) (connection not found):
2025/12/30 06:35:55   #56 <- #0:user_disconnected (this == #0), line 1:  Verb not found
2025/12/30 06:35:55   #56 <- (End of traceback)
2025/12/30 06:35:55 Connection 46 closed
2025/12/30 06:35:55 New connection from 127.0.0.1:56261 (ID: 47)
2025/12/30 06:35:55 Switched connection 47 from player -47 to 57
2025/12/30 06:35:55 Connection 47 already logged in as player 57 via switch_player
2025/12/30 06:35:55 user_connected error: E_VERBNF
2025/12/30 06:35:55 Connection 47 read error: EOF
2025/12/30 06:35:55 user_disconnected error: E_VERBNF
2025/12/30 06:35:55 Traceback for player %!s(types.ObjID=57) (connection not found):
2025/12/30 06:35:55   #57 <- #0:user_disconnected (this == #0), line 1:  Verb not found
2025/12/30 06:35:55   #57 <- (End of traceback)
2025/12/30 06:35:55 Connection 47 closed
2025/12/30 06:35:55 New connection from 127.0.0.1:56262 (ID: 48)
2025/12/30 06:35:55 Switched connection 48 from player -48 to 58
2025/12/30 06:35:55 Connection 48 already logged in as player 58 via switch_player
2025/12/30 06:35:55 user_connected error: E_VERBNF
2025/12/30 06:35:55 Connection 48 read error: EOF
2025/12/30 06:35:55 user_disconnected error: E_VERBNF
2025/12/30 06:35:55 Traceback for player %!s(types.ObjID=58) (connection not found):
2025/12/30 06:35:55   #58 <- #0:user_disconnected (this == #0), line 1:  Verb not found
2025/12/30 06:35:55   #58 <- (End of traceback)
2025/12/30 06:35:55 Connection 48 closed
2025/12/30 06:35:55 New connection from 127.0.0.1:56263 (ID: 49)
2025/12/30 06:35:55 Switched connection 49 from player -49 to 59
2025/12/30 06:35:55 Connection 49 already logged in as player 59 via switch_player
2025/12/30 06:35:55 user_connected error: E_VERBNF
2025/12/30 06:35:55 Connection 49 read error: EOF
2025/12/30 06:35:55 user_disconnected error: E_VERBNF
2025/12/30 06:35:55 Traceback for player %!s(types.ObjID=59) (connection not found):
2025/12/30 06:35:55   #59 <- #0:user_disconnected (this == #0), line 1:  Verb not found
2025/12/30 06:35:55   #59 <- (End of traceback)
2025/12/30 06:35:55 Connection 49 closed
2025/12/30 06:35:55 New connection from 127.0.0.1:56264 (ID: 50)
2025/12/30 06:35:55 Switched connection 50 from player -50 to 60
2025/12/30 06:35:55 Connection 50 already logged in as player 60 via switch_player
2025/12/30 06:35:55 user_connected error: E_VERBNF
2025/12/30 06:35:55 Connection 50 read error: EOF
2025/12/30 06:35:55 user_disconnected error: E_VERBNF
2025/12/30 06:35:55 Traceback for player %!s(types.ObjID=60) (connection not found):
2025/12/30 06:35:55   #60 <- #0:user_disconnected (this == #0), line 1:  Verb not found
2025/12/30 06:35:55   #60 <- (End of traceback)
2025/12/30 06:35:55 Connection 50 closed
2025/12/30 06:35:55 New connection from 127.0.0.1:56265 (ID: 51)
2025/12/30 06:35:55 Switched connection 51 from player -51 to 61
2025/12/30 06:35:55 Connection 51 already logged in as player 61 via switch_player
2025/12/30 06:35:55 user_connected error: E_VERBNF
2025/12/30 06:35:55 Connection 51 read error: EOF
2025/12/30 06:35:55 user_disconnected error: E_VERBNF
2025/12/30 06:35:55 Traceback for player %!s(types.ObjID=61) (connection not found):
2025/12/30 06:35:55   #61 <- #0:user_disconnected (this == #0), line 1:  Verb not found
2025/12/30 06:35:55   #61 <- (End of traceback)
2025/12/30 06:35:55 Connection 51 closed
