2025/12/30 03:09:12 Barn MOO Server
2025/12/30 03:09:12 Database: Test.db
2025/12/30 03:09:12 Port: 9301
2025/12/30 03:09:12 Loaded database version 4 with 8 objects
2025/12/30 03:09:12 Starting server on port 9301...
2025/12/30 03:09:12 Server error: listen fa2025/12/30 03:09:15 New connection from [::1]:3033 (ID: 2)
2025/12/30 03:09:15 Switched connection 2 from player -2 to 8
2025/12/30 03:09:15 Connection 2 already logged in as player 8 via switch_player
2025/12/30 03:09:15 user_connected error: E_VERBNF
2025/12/30 03:09:18 Connection 2 read error: EOF
2025/12/30 03:09:18 user_disconnected error: E_VERBNF
2025/12/30 03:09:18 Traceback for player %!s(types.ObjID=8) (connection not found):
2025/12/30 03:09:18   #8 <- #0:user_disconnected (this == #0), line 1:  Verb not found
2025/12/30 03:09:18   #8 <- (End of traceback)
2025/12/30 03:09:18 Connection 2 closed
2025/12/30 03:09:34 New connection from 127.0.0.1:52787 (ID: 3)
2025/12/30 03:09:34 Switched connection 3 from player -3 to 9
2025/12/30 03:09:34 Connection 3 already logged in as player 9 via switch_player
2025/12/30 03:09:34 user_connected error: E_VERBNF
2025/12/30 03:09:34 Connection 3 read error: EOF
2025/12/30 03:09:34 user_disconnected error: E_VERBNF
2025/12/30 03:09:34 Traceback for player %!s(types.ObjID=9) (connection not found):
2025/12/30 03:09:34   #9 <- #0:user_disconnected (this == #0), line 1:  Verb not found
2025/12/30 03:09:34   #9 <- (End of traceback)
2025/12/30 03:09:34 Connection 3 closed
2025/12/30 03:09:34 New connection from 127.0.0.1:52788 (ID: 4)
2025/12/30 03:09:34 Switched connection 4 from player -4 to 11
2025/12/30 03:09:34 Connection 4 already logged in as player 11 via switch_player
2025/12/30 03:09:34 user_connected error: E_VERBNF
2025/12/30 03:09:34 Connection 4 read error: EOF
2025/12/30 03:09:34 user_disconnected error: E_VERBNF
2025/12/30 03:09:34 Traceback for player %!s(types.ObjID=11) (connection not found):
2025/12/30 03:09:34   #11 <- #0:user_disconnected (this == #0), line 1:  Verb not found
2025/12/30 03:09:34   #11 <- (End of traceback)
2025/12/30 03:09:34 Connection 4 closed
2025/12/30 03:09:34 New connection from 127.0.0.1:52789 (ID: 5)
2025/12/30 03:09:34 Switched connection 5 from player -5 to 13
2025/12/30 03:09:34 Connection 5 already logged in as player 13 via switch_player
2025/12/30 03:09:34 user_connected error: E_VERBNF
2025/12/30 03:09:34 Connection 5 read error: EOF
2025/12/30 03:09:34 user_disconnected error: E_VERBNF
2025/12/30 03:09:34 Traceback for player %!s(types.ObjID=13) (connection not found):
2025/12/30 03:09:34   #13 <- #0:user_disconnected (this == #0), line 1:  Verb not found
2025/12/30 03:09:34   #13 <- (End of traceback)
2025/12/30 03:09:34 Connection 5 closed
2025/12/30 03:09:34 New connection from 127.0.0.1:52790 (ID: 6)
2025/12/30 03:09:34 Switched connection 6 from player -6 to 15
2025/12/30 03:09:34 Connection 6 already logged in as player 15 via switch_player
2025/12/30 03:09:34 user_connected error: E_VERBNF
2025/12/30 03:09:34 Connection 6 read error: EOF
2025/12/30 03:09:34 user_disconnected error: E_VERBNF
2025/12/30 03:09:34 Traceback for player %!s(types.ObjID=15) (connection not found):
2025/12/30 03:09:34   #15 <- #0:user_disconnected (this == #0), line 1:  Verb not found
2025/12/30 03:09:34   #15 <- (End of traceback)
2025/12/30 03:09:34 Connection 6 closed
2025/12/30 03:09:34 New connection from 127.0.0.1:52791 (ID: 7)
2025/12/30 03:09:34 Switched connection 7 from player -7 to 18
2025/12/30 03:09:34 Connection 7 already logged in as player 18 via switch_player
2025/12/30 03:09:34 user_connected error: E_VERBNF
2025/12/30 03:09:34 Connection 7 read error: EOF
2025/12/30 03:09:34 user_disconnected error: E_VERBNF
2025/12/30 03:09:34 Traceback for player %!s(types.ObjID=18) (connection not found):
2025/12/30 03:09:34   #18 <- #0:user_disconnected (this == #0), line 1:  Verb not found
2025/12/30 03:09:34   #18 <- (End of traceback)
2025/12/30 03:09:34 Connection 7 closed
2025/12/30 03:09:34 New connection from 127.0.0.1:52792 (ID: 8)
2025/12/30 03:09:34 Switched connection 8 from player -8 to 20
2025/12/30 03:09:34 Connection 8 already logged in as player 20 via switch_player
2025/12/30 03:09:34 user_connected error: E_VERBNF
2025/12/30 03:09:34 Connection 8 read error: EOF
2025/12/30 03:09:34 user_disconnected error: E_VERBNF
2025/12/30 03:09:34 Traceback for player %!s(types.ObjID=20) (connection not found):
2025/12/30 03:09:34   #20 <- #0:user_disconnected (this == #0), line 1:  Verb not found
2025/12/30 03:09:34   #20 <- (End of traceback)
2025/12/30 03:09:34 Connection 8 closed
2025/12/30 03:09:34 New connection from 127.0.0.1:52793 (ID: 9)
2025/12/30 03:09:34 Switched connection 9 from player -9 to 23
2025/12/30 03:09:34 Connection 9 already logged in as player 23 via switch_player
2025/12/30 03:09:34 user_connected error: E_VERBNF
2025/12/30 03:09:34 Connection 9 read error: EOF
2025/12/30 03:09:34 user_disconnected error: E_VERBNF
2025/12/30 03:09:34 Traceback for player %!s(types.ObjID=23) (connection not found):
2025/12/30 03:09:34   #23 <- #0:user_disconnected (this == #0), line 1:  Verb not found
2025/12/30 03:09:34   #23 <- (End of traceback)
2025/12/30 03:09:34 Connection 9 closed
2025/12/30 03:09:34 New connection from 127.0.0.1:52794 (ID: 10)
2025/12/30 03:09:34 Switched connection 10 from player -10 to 25
2025/12/30 03:09:34 Connection 10 already logged in as player 25 via switch_player
2025/12/30 03:09:34 user_connected error: E_VERBNF
2025/12/30 03:09:34 Connection 10 read error: EOF
2025/12/30 03:09:34 user_disconnected error: E_VERBNF
2025/12/30 03:09:34 Traceback for player %!s(types.ObjID=25) (connection not found):
2025/12/30 03:09:34   #25 <- #0:user_disconnected (this == #0), line 1:  Verb not found
2025/12/30 03:09:34   #25 <- (End of traceback)
2025/12/30 03:09:34 Connection 10 closed
2025/12/30 03:09:34 New connection from 127.0.0.1:52795 (ID: 11)
2025/12/30 03:09:34 Switched connection 11 from player -11 to 28
2025/12/30 03:09:34 Connection 11 already logged in as player 28 via switch_player
2025/12/30 03:09:34 user_connected error: E_VERBNF
2025/12/30 03:09:34 Connection 11 read error: EOF
2025/12/30 03:09:34 user_disconnected error: E_VERBNF
2025/12/30 03:09:34 Traceback for player %!s(types.ObjID=28) (connection not found):
2025/12/30 03:09:34   #28 <- #0:user_disconnected (this == #0), line 1:  Verb not found
2025/12/30 03:09:34   #28 <- (End of traceback)
2025/12/30 03:09:34 Connection 11 closed
2025/12/30 03:09:34 New connection from 127.0.0.1:52796 (ID: 12)
2025/12/30 03:09:34 Switched connection 12 from player -12 to 31
2025/12/30 03:09:34 Connection 12 already logged in as player 31 via switch_player
2025/12/30 03:09:34 user_connected error: E_VERBNF
2025/12/30 03:09:34 Connection 12 read error: EOF
2025/12/30 03:09:34 user_disconnected error: E_VERBNF
2025/12/30 03:09:34 Traceback for player %!s(types.ObjID=31) (connection not found):
2025/12/30 03:09:34   #31 <- #0:user_disconnected (this == #0), line 1:  Verb not found
2025/12/30 03:09:34   #31 <- (End of traceback)
2025/12/30 03:09:34 Connection 12 closed
2025/12/30 03:09:34 New connection from 127.0.0.1:52797 (ID: 13)
2025/12/30 03:09:34 Switched connection 13 from player -13 to 33
2025/12/30 03:09:34 Connection 13 already logged in as player 33 via switch_player
2025/12/30 03:09:34 user_connected error: E_VERBNF
2025/12/30 03:09:34 Connection 13 read error: EOF
2025/12/30 03:09:34 user_disconnected error: E_VERBNF
2025/12/30 03:09:34 Traceback for player %!s(types.ObjID=33) (connection not found):
2025/12/30 03:09:34   #33 <- #0:user_disconnected (this == #0), line 1:  Verb not found
2025/12/30 03:09:34   #33 <- (End of traceback)
2025/12/30 03:09:34 Connection 13 closed
