2025/12/30 03:11:12 Barn MOO Server
2025/12/30 03:11:12 Database: Test.db
2025/12/30 03:11:12 Port: 9308
2025/12/30 03:11:12 Loaded database version 4 with 8 objects
2025/12/30 03:11:12 Starting server on port 9308...
2025/12/30 03:11:12 Listening on port 9308
2025/12/30 03:11:31 New connection from 127.0.0.1:48883 (ID: 2)
2025/12/30 03:11:31 Switched connection 2 from player -2 to 8
2025/12/30 03:11:31 Connection 2 already logged in as player 8 via switch_player
2025/12/30 03:11:31 user_connected error: E_VERBNF
2025/12/30 03:11:31 Connection 2 read error: EOF
2025/12/30 03:11:31 user_disconnected error: E_VERBNF
2025/12/30 03:11:31 Traceback for player %!s(types.ObjID=8) (connection not found):
2025/12/30 03:11:31   #8 <- #0:user_disconnected (this == #0), line 1:  Verb not found
2025/12/30 03:11:31   #8 <- (End of traceback)
2025/12/30 03:11:31 Connection 2 closed
2025/12/30 03:11:31 New connection from 127.0.0.1:48884 (ID: 3)
2025/12/30 03:11:31 Switched connection 3 from player -3 to 9
2025/12/30 03:11:31 Connection 3 already logged in as player 9 via switch_player
2025/12/30 03:11:31 user_connected error: E_VERBNF
2025/12/30 03:11:32 Connection 3 read error: EOF
2025/12/30 03:11:32 user_disconnected error: E_VERBNF
2025/12/30 03:11:32 Traceback for player %!s(types.ObjID=9) (connection not found):
2025/12/30 03:11:32   #9 <- #0:user_disconnected (this == #0), line 1:  Verb not found
2025/12/30 03:11:32   #9 <- (End of traceback)
2025/12/30 03:11:32 Connection 3 closed
2025/12/30 03:11:32 New connection from 127.0.0.1:48887 (ID: 4)
2025/12/30 03:11:32 Switched connection 4 from player -4 to 11
2025/12/30 03:11:32 Connection 4 already logged in as player 11 via switch_player
2025/12/30 03:11:32 user_connected error: E_VERBNF
2025/12/30 03:11:32 Connection 4 read error: EOF
2025/12/30 03:11:32 user_disconnected error: E_VERBNF
2025/12/30 03:11:32 Traceback for player %!s(types.ObjID=11) (connection not found):
2025/12/30 03:11:32   #11 <- #0:user_disconnected (this == #0), line 1:  Verb not found
2025/12/30 03:11:32   #11 <- (End of traceback)
2025/12/30 03:11:32 Connection 4 closed
2025/12/30 03:11:32 New connection from 127.0.0.1:48888 (ID: 5)
2025/12/30 03:11:32 Switched connection 5 from player -5 to 13
2025/12/30 03:11:32 Connection 5 already logged in as player 13 via switch_player
2025/12/30 03:11:32 user_connected error: E_VERBNF
2025/12/30 03:11:32 Connection 5 read error: EOF
2025/12/30 03:11:32 user_disconnected error: E_VERBNF
2025/12/30 03:11:32 Traceback for player %!s(types.ObjID=13) (connection not found):
2025/12/30 03:11:32   #13 <- #0:user_disconnected (this == #0), line 1:  Verb not found
2025/12/30 03:11:32   #13 <- (End of traceback)
2025/12/30 03:11:32 Connection 5 closed
2025/12/30 03:11:32 New connection from 127.0.0.1:48889 (ID: 6)
2025/12/30 03:11:32 Switched connection 6 from player -6 to 17
2025/12/30 03:11:32 Connection 6 already logged in as player 17 via switch_player
2025/12/30 03:11:32 user_connected error: E_VERBNF
2025/12/30 03:11:32 Connection 6 read error: EOF
2025/12/30 03:11:32 user_disconnected error: E_VERBNF
2025/12/30 03:11:32 Traceback for player %!s(types.ObjID=17) (connection not found):
2025/12/30 03:11:32   #17 <- #0:user_disconnected (this == #0), line 1:  Verb not found
2025/12/30 03:11:32   #17 <- (End of traceback)
2025/12/30 03:11:32 Connection 6 closed
