2025/12/30 09:01:30 Barn MOO Server
2025/12/30 09:01:30 Database: Test.db
2025/12/30 09:01:30 Port: 9350
2025/12/30 09:01:30 Loaded database version 4 with 8 objects
2025/12/30 09:01:30 Starting server on port 9350...
2025/12/30 09:01:30 Listening on port 9350
2025/12/30 09:01:54 New connection from 127.0.0.1:30344 (ID: 2)
2025/12/30 09:01:54 Switched connection 2 from player -2 to 8
2025/12/30 09:01:54 Connection 2 already logged in as player 8 via switch_player
2025/12/30 09:01:54 user_connected error: E_VERBNF
2025/12/30 09:01:54 Connection 2 read error: EOF
2025/12/30 09:01:54 user_disconnected error: E_VERBNF
2025/12/30 09:01:54 Traceback for player %!s(types.ObjID=8) (connection not found):
2025/12/30 09:01:54   #8 <- #0:user_disconnected (this == #0), line 1:  Verb not found
2025/12/30 09:01:54   #8 <- (End of traceback)
2025/12/30 09:01:54 Connection 2 closed
2025/12/30 09:01:54 New connection from 127.0.0.1:30345 (ID: 3)
2025/12/30 09:01:54 Switched connection 3 from player -3 to 9
2025/12/30 09:01:54 Connection 3 already logged in as player 9 via switch_player
2025/12/30 09:01:54 user_connected error: E_VERBNF
2025/12/30 09:01:54 Connection 3 read error: EOF
2025/12/30 09:01:54 user_disconnected error: E_VERBNF
2025/12/30 09:01:54 Traceback for player %!s(types.ObjID=9) (connection not found):
2025/12/30 09:01:54   #9 <- #0:user_disconnected (this == #0), line 1:  Verb not found
2025/12/30 09:01:54   #9 <- (End of traceback)
2025/12/30 09:01:54 Connection 3 closed
2025/12/30 09:01:54 New connection from 127.0.0.1:30346 (ID: 4)
2025/12/30 09:01:54 Switched connection 4 from player -4 to 11
2025/12/30 09:01:54 Connection 4 already logged in as player 11 via switch_player
2025/12/30 09:01:54 user_connected error: E_VERBNF
2025/12/30 09:01:54 Connection 4 read error: EOF
2025/12/30 09:01:54 user_disconnected error: E_VERBNF
2025/12/30 09:01:54 Traceback for player %!s(types.ObjID=11) (connection not found):
2025/12/30 09:01:54   #11 <- #0:user_disconnected (this == #0), line 1:  Verb not found
2025/12/30 09:01:54   #11 <- (End of traceback)
2025/12/30 09:01:54 Connection 4 closed
2025/12/30 09:03:41 New connection from [::1]:27448 (ID: 5)
2025/12/30 09:03:41 Switched connection 5 from player -5 to 13
2025/12/30 09:03:41 Connection 5 already logged in as player 13 via switch_player
2025/12/30 09:03:41 user_connected error: E_VERBNF
2025/12/30 09:03:46 Connection 5 read error: EOF
2025/12/30 09:03:46 user_disconnected error: E_VERBNF
2025/12/30 09:03:46 Traceback for player %!s(types.ObjID=13) (connection not found):
2025/12/30 09:03:46   #13 <- #0:user_disconnected (this == #0), line 1:  Verb not found
2025/12/30 09:03:46   #13 <- (End of traceback)
2025/12/30 09:03:46 Connection 5 closed
